error: uncaughtException: listen EADDRINUSE :::3000
Error: listen EADDRINUSE :::3000
    at Object._errnoException (util.js:992:11)
    at _exceptionWithHostPort (util.js:1014:20)
    at Server.setupListenHandle [as _listen2] (net.js:1355:14)
    at listenInCluster (net.js:1396:12)
    at Server.listen (net.js:1480:7)
    at Function.listen (C:\git\central-base-mssql\node_modules\express\lib\application.js:618:24)
    at eval (webpack-internal:///./server.ts:11:30)
    at Object../server.ts (C:\git\central-base-mssql\dist\index.js:205:1)
    at __webpack_require__ (C:\git\central-base-mssql\dist\index.js:20:30)
    at C:\git\central-base-mssql\dist\index.js:84:18
    at Object.<anonymous> (C:\git\central-base-mssql\dist\index.js:87:10)
    at Module._compile (module.js:652:30)
    at Object.Module._extensions..js (module.js:663:10)
    at Module.load (module.js:565:32)
    at tryModuleLoad (module.js:505:12)
    at Function.Module._load (module.js:497:3)
    at Function.Module.runMain (module.js:693:10)
    at startup (bootstrap_node.js:191:16)
    at bootstrap_node.js:612:3 {"error":{"code":"EADDRINUSE","errno":"EADDRINUSE","syscall":"listen","address":"::","port":3000},"stack":"Error: listen EADDRINUSE :::3000\n    at Object._errnoException (util.js:992:11)\n    at _exceptionWithHostPort (util.js:1014:20)\n    at Server.setupListenHandle [as _listen2] (net.js:1355:14)\n    at listenInCluster (net.js:1396:12)\n    at Server.listen (net.js:1480:7)\n    at Function.listen (C:\\git\\central-base-mssql\\node_modules\\express\\lib\\application.js:618:24)\n    at eval (webpack-internal:///./server.ts:11:30)\n    at Object../server.ts (C:\\git\\central-base-mssql\\dist\\index.js:205:1)\n    at __webpack_require__ (C:\\git\\central-base-mssql\\dist\\index.js:20:30)\n    at C:\\git\\central-base-mssql\\dist\\index.js:84:18\n    at Object.<anonymous> (C:\\git\\central-base-mssql\\dist\\index.js:87:10)\n    at Module._compile (module.js:652:30)\n    at Object.Module._extensions..js (module.js:663:10)\n    at Module.load (module.js:565:32)\n    at tryModuleLoad (module.js:505:12)\n    at Function.Module._load (module.js:497:3)\n    at Function.Module.runMain (module.js:693:10)\n    at startup (bootstrap_node.js:191:16)\n    at bootstrap_node.js:612:3","exception":true,"date":"Sun Mar 10 2019 10:12:03 GMT-0300 (Hora oficial do Brasil)","process":{"pid":8984,"uid":null,"gid":null,"cwd":"C:\\git\\central-base-mssql","execPath":"C:\\dev\\nodejs\\node.exe","version":"v8.11.3","argv":["C:\\dev\\nodejs\\node.exe","C:\\git\\central-base-mssql\\dist\\index.js"],"memoryUsage":{"rss":81993728,"heapTotal":65892352,"heapUsed":43793248,"external":1334621}},"os":{"loadavg":[0,0,0],"uptime":350034.1594251},"trace":[{"column":11,"file":"util.js","function":"Object._errnoException","line":992,"method":"_errnoException","native":false},{"column":20,"file":"util.js","function":"_exceptionWithHostPort","line":1014,"method":null,"native":false},{"column":14,"file":"net.js","function":"Server.setupListenHandle [as _listen2]","line":1355,"method":"setupListenHandle [as _listen2]","native":false},{"column":12,"file":"net.js","function":"listenInCluster","line":1396,"method":null,"native":false},{"column":7,"file":"net.js","function":"Server.listen","line":1480,"method":"listen","native":false},{"column":24,"file":"C:\\git\\central-base-mssql\\node_modules\\express\\lib\\application.js","function":"Function.listen","line":618,"method":"listen","native":false},{"column":30,"file":"webpack-internal:///./server.ts","function":"eval","line":11,"method":null,"native":false},{"column":1,"file":"C:\\git\\central-base-mssql\\dist\\index.js","function":"Object../server.ts","line":205,"method":"ts","native":false},{"column":30,"file":"C:\\git\\central-base-mssql\\dist\\index.js","function":"__webpack_require__","line":20,"method":null,"native":false},{"column":18,"file":"C:\\git\\central-base-mssql\\dist\\index.js","function":null,"line":84,"method":null,"native":false},{"column":10,"file":"C:\\git\\central-base-mssql\\dist\\index.js","function":null,"line":87,"method":null,"native":false},{"column":30,"file":"module.js","function":"Module._compile","line":652,"method":"_compile","native":false},{"column":10,"file":"module.js","function":"Module._extensions..js","line":663,"method":".js","native":false},{"column":32,"file":"module.js","function":"Module.load","line":565,"method":"load","native":false},{"column":12,"file":"module.js","function":"tryModuleLoad","line":505,"method":null,"native":false},{"column":3,"file":"module.js","function":"Module._load","line":497,"method":"_load","native":false},{"column":10,"file":"module.js","function":"Module.runMain","line":693,"method":"runMain","native":false},{"column":16,"file":"bootstrap_node.js","function":"startup","line":191,"method":null,"native":false},{"column":3,"file":"bootstrap_node.js","function":null,"line":612,"method":null,"native":false}]}
error: uncaughtException: listen EADDRINUSE :::3000
Error: listen EADDRINUSE :::3000
    at Object._errnoException (util.js:992:11)
    at _exceptionWithHostPort (util.js:1014:20)
    at Server.setupListenHandle [as _listen2] (net.js:1355:14)
    at listenInCluster (net.js:1396:12)
    at Server.listen (net.js:1480:7)
    at Function.listen (c:\git\central-base-mssql\node_modules\express\lib\application.js:618:24)
    at eval (webpack-internal:///./server.ts:11:30)
    at Object../server.ts (c:\git\central-base-mssql\dist\index.js:205:1)
    at __webpack_require__ (c:\git\central-base-mssql\dist\index.js:20:30)
    at c:\git\central-base-mssql\dist\index.js:84:18
    at Object.<anonymous> (c:\git\central-base-mssql\dist\index.js:87:10)
    at Module._compile (module.js:652:30)
    at Object.Module._extensions..js (module.js:663:10)
    at Module.load (module.js:565:32)
    at tryModuleLoad (module.js:505:12)
    at Function.Module._load (module.js:497:3)
    at Function.Module.runMain (module.js:693:10)
    at startup (bootstrap_node.js:191:16)
    at bootstrap_node.js:612:3 {"error":{"code":"EADDRINUSE","errno":"EADDRINUSE","syscall":"listen","address":"::","port":3000},"stack":"Error: listen EADDRINUSE :::3000\n    at Object._errnoException (util.js:992:11)\n    at _exceptionWithHostPort (util.js:1014:20)\n    at Server.setupListenHandle [as _listen2] (net.js:1355:14)\n    at listenInCluster (net.js:1396:12)\n    at Server.listen (net.js:1480:7)\n    at Function.listen (c:\\git\\central-base-mssql\\node_modules\\express\\lib\\application.js:618:24)\n    at eval (webpack-internal:///./server.ts:11:30)\n    at Object../server.ts (c:\\git\\central-base-mssql\\dist\\index.js:205:1)\n    at __webpack_require__ (c:\\git\\central-base-mssql\\dist\\index.js:20:30)\n    at c:\\git\\central-base-mssql\\dist\\index.js:84:18\n    at Object.<anonymous> (c:\\git\\central-base-mssql\\dist\\index.js:87:10)\n    at Module._compile (module.js:652:30)\n    at Object.Module._extensions..js (module.js:663:10)\n    at Module.load (module.js:565:32)\n    at tryModuleLoad (module.js:505:12)\n    at Function.Module._load (module.js:497:3)\n    at Function.Module.runMain (module.js:693:10)\n    at startup (bootstrap_node.js:191:16)\n    at bootstrap_node.js:612:3","exception":true,"date":"Sun Mar 10 2019 10:13:57 GMT-0300 (Hora oficial do Brasil)","process":{"pid":6308,"uid":null,"gid":null,"cwd":"c:\\git\\central-base-mssql","execPath":"C:\\dev\\nodejs\\node.exe","version":"v8.11.3","argv":["C:\\dev\\nodejs\\node.exe","c:\\git\\central-base-mssql\\dist\\index.js"],"memoryUsage":{"rss":81747968,"heapTotal":65892352,"heapUsed":43824104,"external":1334621}},"os":{"loadavg":[0,0,0],"uptime":350147.6689959},"trace":[{"column":11,"file":"util.js","function":"Object._errnoException","line":992,"method":"_errnoException","native":false},{"column":20,"file":"util.js","function":"_exceptionWithHostPort","line":1014,"method":null,"native":false},{"column":14,"file":"net.js","function":"Server.setupListenHandle [as _listen2]","line":1355,"method":"setupListenHandle [as _listen2]","native":false},{"column":12,"file":"net.js","function":"listenInCluster","line":1396,"method":null,"native":false},{"column":7,"file":"net.js","function":"Server.listen","line":1480,"method":"listen","native":false},{"column":24,"file":"c:\\git\\central-base-mssql\\node_modules\\express\\lib\\application.js","function":"Function.listen","line":618,"method":"listen","native":false},{"column":30,"file":"webpack-internal:///./server.ts","function":"eval","line":11,"method":null,"native":false},{"column":1,"file":"c:\\git\\central-base-mssql\\dist\\index.js","function":"Object../server.ts","line":205,"method":"ts","native":false},{"column":30,"file":"c:\\git\\central-base-mssql\\dist\\index.js","function":"__webpack_require__","line":20,"method":null,"native":false},{"column":18,"file":"c:\\git\\central-base-mssql\\dist\\index.js","function":null,"line":84,"method":null,"native":false},{"column":10,"file":"c:\\git\\central-base-mssql\\dist\\index.js","function":null,"line":87,"method":null,"native":false},{"column":30,"file":"module.js","function":"Module._compile","line":652,"method":"_compile","native":false},{"column":10,"file":"module.js","function":"Module._extensions..js","line":663,"method":".js","native":false},{"column":32,"file":"module.js","function":"Module.load","line":565,"method":"load","native":false},{"column":12,"file":"module.js","function":"tryModuleLoad","line":505,"method":null,"native":false},{"column":3,"file":"module.js","function":"Module._load","line":497,"method":"_load","native":false},{"column":10,"file":"module.js","function":"Module.runMain","line":693,"method":"runMain","native":false},{"column":16,"file":"bootstrap_node.js","function":"startup","line":191,"method":null,"native":false},{"column":3,"file":"bootstrap_node.js","function":null,"line":612,"method":null,"native":false}]}
error: uncaughtException: idx is not defined
ReferenceError: idx is not defined
    at eval (webpack-internal:///./models/Users.ts:123:33)
    at eval (webpack-internal:///./models/Users.ts:224:2)
    at Object../models/Users.ts (C:\git\central-base-mssql\dist\index.js:169:1)
    at __webpack_require__ (C:\git\central-base-mssql\dist\index.js:20:30)
    at eval (webpack-internal:///./services/database.ts:48:15)
    at Object../services/database.ts (C:\git\central-base-mssql\dist\index.js:229:1)
    at __webpack_require__ (C:\git\central-base-mssql\dist\index.js:20:30)
    at Object.eval (webpack-internal:///./app.ts:63:18)
    at eval (webpack-internal:///./app.ts:212:30)
    at Object../app.ts (C:\git\central-base-mssql\dist\index.js:97:1) {"error":{},"stack":"ReferenceError: idx is not defined\n    at eval (webpack-internal:///./models/Users.ts:123:33)\n    at eval (webpack-internal:///./models/Users.ts:224:2)\n    at Object../models/Users.ts (C:\\git\\central-base-mssql\\dist\\index.js:169:1)\n    at __webpack_require__ (C:\\git\\central-base-mssql\\dist\\index.js:20:30)\n    at eval (webpack-internal:///./services/database.ts:48:15)\n    at Object../services/database.ts (C:\\git\\central-base-mssql\\dist\\index.js:229:1)\n    at __webpack_require__ (C:\\git\\central-base-mssql\\dist\\index.js:20:30)\n    at Object.eval (webpack-internal:///./app.ts:63:18)\n    at eval (webpack-internal:///./app.ts:212:30)\n    at Object../app.ts (C:\\git\\central-base-mssql\\dist\\index.js:97:1)","exception":true,"date":"Sun Mar 10 2019 10:15:37 GMT-0300 (Hora oficial do Brasil)","process":{"pid":7216,"uid":null,"gid":null,"cwd":"C:\\git\\central-base-mssql","execPath":"C:\\dev\\nodejs\\node.exe","version":"v8.11.3","argv":["C:\\dev\\nodejs\\node.exe","C:\\git\\central-base-mssql\\dist\\index.js"],"memoryUsage":{"rss":60858368,"heapTotal":60649472,"heapUsed":27446600,"external":243442}},"os":{"loadavg":[0,0,0],"uptime":350247.5593402},"trace":[{"column":33,"file":"webpack-internal:///./models/Users.ts","function":"eval","line":123,"method":null,"native":false},{"column":2,"file":"webpack-internal:///./models/Users.ts","function":"eval","line":224,"method":null,"native":false},{"column":1,"file":"C:\\git\\central-base-mssql\\dist\\index.js","function":"Object../models/Users.ts","line":169,"method":"ts","native":false},{"column":30,"file":"C:\\git\\central-base-mssql\\dist\\index.js","function":"__webpack_require__","line":20,"method":null,"native":false},{"column":15,"file":"webpack-internal:///./services/database.ts","function":"eval","line":48,"method":null,"native":false},{"column":1,"file":"C:\\git\\central-base-mssql\\dist\\index.js","function":"Object../services/database.ts","line":229,"method":"ts","native":false},{"column":30,"file":"C:\\git\\central-base-mssql\\dist\\index.js","function":"__webpack_require__","line":20,"method":null,"native":false},{"column":18,"file":"webpack-internal:///./app.ts","function":"Object.eval","line":63,"method":"eval","native":false},{"column":30,"file":"webpack-internal:///./app.ts","function":"eval","line":212,"method":null,"native":false},{"column":1,"file":"C:\\git\\central-base-mssql\\dist\\index.js","function":"Object../app.ts","line":97,"method":"ts","native":false}]}
error: uncaughtException: Module parse failed: The keyword 'yield' is reserved (125:16)
You may need an appropriate loader to handle this file type.
|             }
|             else {
>                 yield db.manager.update(Configuration_1.Configuration, { id: self.current.id }, { inExecution: false, lastExecuteAt: new Date() });
|                 self.content = [];
|                 self.index++;
Error: Module parse failed: The keyword 'yield' is reserved (125:16)
You may need an appropriate loader to handle this file type.
|             }
|             else {
>                 yield db.manager.update(Configuration_1.Configuration, { id: self.current.id }, { inExecution: false, lastExecuteAt: new Date() });
|                 self.content = [];
|                 self.index++;
    at eval (webpack-internal:///./services/factory/configuration.ts:1:7)
    at Object../services/factory/configuration.ts (c:\git\central-base-mssql\dist\index.js:228:1)
    at __webpack_require__ (c:\git\central-base-mssql\dist\index.js:20:30)
    at Object.eval (webpack-internal:///./app.ts:64:23)
    at eval (webpack-internal:///./app.ts:212:30)
    at Object../app.ts (c:\git\central-base-mssql\dist\index.js:97:1)
    at __webpack_require__ (c:\git\central-base-mssql\dist\index.js:20:30)
    at eval (webpack-internal:///./server.ts:7:13)
    at Object../server.ts (c:\git\central-base-mssql\dist\index.js:205:1)
    at __webpack_require__ (c:\git\central-base-mssql\dist\index.js:20:30) {"error":{},"stack":"Error: Module parse failed: The keyword 'yield' is reserved (125:16)\nYou may need an appropriate loader to handle this file type.\n|             }\r\n|             else {\r\n>                 yield db.manager.update(Configuration_1.Configuration, { id: self.current.id }, { inExecution: false, lastExecuteAt: new Date() });\r\n|                 self.content = [];\r\n|                 self.index++;\r\n    at eval (webpack-internal:///./services/factory/configuration.ts:1:7)\n    at Object../services/factory/configuration.ts (c:\\git\\central-base-mssql\\dist\\index.js:228:1)\n    at __webpack_require__ (c:\\git\\central-base-mssql\\dist\\index.js:20:30)\n    at Object.eval (webpack-internal:///./app.ts:64:23)\n    at eval (webpack-internal:///./app.ts:212:30)\n    at Object../app.ts (c:\\git\\central-base-mssql\\dist\\index.js:97:1)\n    at __webpack_require__ (c:\\git\\central-base-mssql\\dist\\index.js:20:30)\n    at eval (webpack-internal:///./server.ts:7:13)\n    at Object../server.ts (c:\\git\\central-base-mssql\\dist\\index.js:205:1)\n    at __webpack_require__ (c:\\git\\central-base-mssql\\dist\\index.js:20:30)","exception":true,"date":"Sun Mar 10 2019 10:24:23 GMT-0300 (Hora oficial do Brasil)","process":{"pid":5416,"uid":null,"gid":null,"cwd":"c:\\git\\central-base-mssql","execPath":"C:\\dev\\nodejs\\node.exe","version":"v8.11.3","argv":["C:\\dev\\nodejs\\node.exe","c:\\git\\central-base-mssql\\dist\\index.js"],"memoryUsage":{"rss":66433024,"heapTotal":61173760,"heapUsed":37364200,"external":984389}},"os":{"loadavg":[0,0,0],"uptime":350773.5727269},"trace":[{"column":7,"file":"webpack-internal:///./services/factory/configuration.ts","function":"eval","line":1,"method":null,"native":false},{"column":1,"file":"c:\\git\\central-base-mssql\\dist\\index.js","function":"Object../services/factory/configuration.ts","line":228,"method":"ts","native":false},{"column":30,"file":"c:\\git\\central-base-mssql\\dist\\index.js","function":"__webpack_require__","line":20,"method":null,"native":false},{"column":23,"file":"webpack-internal:///./app.ts","function":"Object.eval","line":64,"method":"eval","native":false},{"column":30,"file":"webpack-internal:///./app.ts","function":"eval","line":212,"method":null,"native":false},{"column":1,"file":"c:\\git\\central-base-mssql\\dist\\index.js","function":"Object../app.ts","line":97,"method":"ts","native":false},{"column":30,"file":"c:\\git\\central-base-mssql\\dist\\index.js","function":"__webpack_require__","line":20,"method":null,"native":false},{"column":13,"file":"webpack-internal:///./server.ts","function":"eval","line":7,"method":null,"native":false},{"column":1,"file":"c:\\git\\central-base-mssql\\dist\\index.js","function":"Object../server.ts","line":205,"method":"ts","native":false},{"column":30,"file":"c:\\git\\central-base-mssql\\dist\\index.js","function":"__webpack_require__","line":20,"method":null,"native":false}]}
error: uncaughtException: Module parse failed: The keyword 'yield' is reserved (125:16)
You may need an appropriate loader to handle this file type.
|             }
|             else {
>                 yield db.manager.update(Configuration_1.Configuration, { id: self.current.id }, { inExecution: false, lastExecuteAt: new Date() });
|                 self.content = [];
|                 self.index++;
Error: Module parse failed: The keyword 'yield' is reserved (125:16)
You may need an appropriate loader to handle this file type.
|             }
|             else {
>                 yield db.manager.update(Configuration_1.Configuration, { id: self.current.id }, { inExecution: false, lastExecuteAt: new Date() });
|                 self.content = [];
|                 self.index++;
    at eval (webpack-internal:///./services/factory/configuration.ts:1:7)
    at Object../services/factory/configuration.ts (c:\git\central-base-mssql\dist\index.js:228:1)
    at __webpack_require__ (c:\git\central-base-mssql\dist\index.js:20:30)
    at Object.eval (webpack-internal:///./app.ts:64:23)
    at eval (webpack-internal:///./app.ts:212:30)
    at Object../app.ts (c:\git\central-base-mssql\dist\index.js:97:1)
    at __webpack_require__ (c:\git\central-base-mssql\dist\index.js:20:30)
    at eval (webpack-internal:///./server.ts:7:13)
    at Object../server.ts (c:\git\central-base-mssql\dist\index.js:205:1)
    at __webpack_require__ (c:\git\central-base-mssql\dist\index.js:20:30) {"error":{},"stack":"Error: Module parse failed: The keyword 'yield' is reserved (125:16)\nYou may need an appropriate loader to handle this file type.\n|             }\r\n|             else {\r\n>                 yield db.manager.update(Configuration_1.Configuration, { id: self.current.id }, { inExecution: false, lastExecuteAt: new Date() });\r\n|                 self.content = [];\r\n|                 self.index++;\r\n    at eval (webpack-internal:///./services/factory/configuration.ts:1:7)\n    at Object../services/factory/configuration.ts (c:\\git\\central-base-mssql\\dist\\index.js:228:1)\n    at __webpack_require__ (c:\\git\\central-base-mssql\\dist\\index.js:20:30)\n    at Object.eval (webpack-internal:///./app.ts:64:23)\n    at eval (webpack-internal:///./app.ts:212:30)\n    at Object../app.ts (c:\\git\\central-base-mssql\\dist\\index.js:97:1)\n    at __webpack_require__ (c:\\git\\central-base-mssql\\dist\\index.js:20:30)\n    at eval (webpack-internal:///./server.ts:7:13)\n    at Object../server.ts (c:\\git\\central-base-mssql\\dist\\index.js:205:1)\n    at __webpack_require__ (c:\\git\\central-base-mssql\\dist\\index.js:20:30)","exception":true,"date":"Sun Mar 10 2019 10:26:19 GMT-0300 (Hora oficial do Brasil)","process":{"pid":7172,"uid":null,"gid":null,"cwd":"c:\\git\\central-base-mssql","execPath":"C:\\dev\\nodejs\\node.exe","version":"v8.11.3","argv":["C:\\dev\\nodejs\\node.exe","c:\\git\\central-base-mssql\\dist\\index.js"],"memoryUsage":{"rss":66514944,"heapTotal":61173760,"heapUsed":37440120,"external":984389}},"os":{"loadavg":[0,0,0],"uptime":350889.6406213},"trace":[{"column":7,"file":"webpack-internal:///./services/factory/configuration.ts","function":"eval","line":1,"method":null,"native":false},{"column":1,"file":"c:\\git\\central-base-mssql\\dist\\index.js","function":"Object../services/factory/configuration.ts","line":228,"method":"ts","native":false},{"column":30,"file":"c:\\git\\central-base-mssql\\dist\\index.js","function":"__webpack_require__","line":20,"method":null,"native":false},{"column":23,"file":"webpack-internal:///./app.ts","function":"Object.eval","line":64,"method":"eval","native":false},{"column":30,"file":"webpack-internal:///./app.ts","function":"eval","line":212,"method":null,"native":false},{"column":1,"file":"c:\\git\\central-base-mssql\\dist\\index.js","function":"Object../app.ts","line":97,"method":"ts","native":false},{"column":30,"file":"c:\\git\\central-base-mssql\\dist\\index.js","function":"__webpack_require__","line":20,"method":null,"native":false},{"column":13,"file":"webpack-internal:///./server.ts","function":"eval","line":7,"method":null,"native":false},{"column":1,"file":"c:\\git\\central-base-mssql\\dist\\index.js","function":"Object../server.ts","line":205,"method":"ts","native":false},{"column":30,"file":"c:\\git\\central-base-mssql\\dist\\index.js","function":"__webpack_require__","line":20,"method":null,"native":false}]}
error: uncaughtException: Module parse failed: The keyword 'yield' is reserved (125:16)
You may need an appropriate loader to handle this file type.
|             }
|             else {
>                 yield db.manager.update(Configuration_1.Configuration, { id: self.current.id }, { inExecution: false, lastExecuteAt: new Date() });
|                 self.content = [];
|                 self.index++;
Error: Module parse failed: The keyword 'yield' is reserved (125:16)
You may need an appropriate loader to handle this file type.
|             }
|             else {
>                 yield db.manager.update(Configuration_1.Configuration, { id: self.current.id }, { inExecution: false, lastExecuteAt: new Date() });
|                 self.content = [];
|                 self.index++;
    at eval (webpack-internal:///./services/factory/configuration.ts:1:7)
    at Object../services/factory/configuration.ts (c:\git\central-base-mssql\dist\index.js:228:1)
    at __webpack_require__ (c:\git\central-base-mssql\dist\index.js:20:30)
    at Object.eval (webpack-internal:///./app.ts:64:23)
    at eval (webpack-internal:///./app.ts:212:30)
    at Object../app.ts (c:\git\central-base-mssql\dist\index.js:97:1)
    at __webpack_require__ (c:\git\central-base-mssql\dist\index.js:20:30)
    at eval (webpack-internal:///./server.ts:7:13)
    at Object../server.ts (c:\git\central-base-mssql\dist\index.js:205:1)
    at __webpack_require__ (c:\git\central-base-mssql\dist\index.js:20:30) {"error":{},"stack":"Error: Module parse failed: The keyword 'yield' is reserved (125:16)\nYou may need an appropriate loader to handle this file type.\n|             }\r\n|             else {\r\n>                 yield db.manager.update(Configuration_1.Configuration, { id: self.current.id }, { inExecution: false, lastExecuteAt: new Date() });\r\n|                 self.content = [];\r\n|                 self.index++;\r\n    at eval (webpack-internal:///./services/factory/configuration.ts:1:7)\n    at Object../services/factory/configuration.ts (c:\\git\\central-base-mssql\\dist\\index.js:228:1)\n    at __webpack_require__ (c:\\git\\central-base-mssql\\dist\\index.js:20:30)\n    at Object.eval (webpack-internal:///./app.ts:64:23)\n    at eval (webpack-internal:///./app.ts:212:30)\n    at Object../app.ts (c:\\git\\central-base-mssql\\dist\\index.js:97:1)\n    at __webpack_require__ (c:\\git\\central-base-mssql\\dist\\index.js:20:30)\n    at eval (webpack-internal:///./server.ts:7:13)\n    at Object../server.ts (c:\\git\\central-base-mssql\\dist\\index.js:205:1)\n    at __webpack_require__ (c:\\git\\central-base-mssql\\dist\\index.js:20:30)","exception":true,"date":"Sun Mar 10 2019 10:26:28 GMT-0300 (Hora oficial do Brasil)","process":{"pid":11568,"uid":null,"gid":null,"cwd":"c:\\git\\central-base-mssql","execPath":"C:\\dev\\nodejs\\node.exe","version":"v8.11.3","argv":["C:\\dev\\nodejs\\node.exe","c:\\git\\central-base-mssql\\dist\\index.js"],"memoryUsage":{"rss":66093056,"heapTotal":61173760,"heapUsed":37088552,"external":944381}},"os":{"loadavg":[0,0,0],"uptime":350899.3832533},"trace":[{"column":7,"file":"webpack-internal:///./services/factory/configuration.ts","function":"eval","line":1,"method":null,"native":false},{"column":1,"file":"c:\\git\\central-base-mssql\\dist\\index.js","function":"Object../services/factory/configuration.ts","line":228,"method":"ts","native":false},{"column":30,"file":"c:\\git\\central-base-mssql\\dist\\index.js","function":"__webpack_require__","line":20,"method":null,"native":false},{"column":23,"file":"webpack-internal:///./app.ts","function":"Object.eval","line":64,"method":"eval","native":false},{"column":30,"file":"webpack-internal:///./app.ts","function":"eval","line":212,"method":null,"native":false},{"column":1,"file":"c:\\git\\central-base-mssql\\dist\\index.js","function":"Object../app.ts","line":97,"method":"ts","native":false},{"column":30,"file":"c:\\git\\central-base-mssql\\dist\\index.js","function":"__webpack_require__","line":20,"method":null,"native":false},{"column":13,"file":"webpack-internal:///./server.ts","function":"eval","line":7,"method":null,"native":false},{"column":1,"file":"c:\\git\\central-base-mssql\\dist\\index.js","function":"Object../server.ts","line":205,"method":"ts","native":false},{"column":30,"file":"c:\\git\\central-base-mssql\\dist\\index.js","function":"__webpack_require__","line":20,"method":null,"native":false}]}
error: uncaughtException: Module parse failed: Unexpected token (115:58)
You may need an appropriate loader to handle this file type.
|                             return [3 /*break*/, 6];
|                         case 6:
>                             if (!(self.content.length <=  > controller)) return [3 /*break*/, 8];
|                             return [4 /*yield*/, db.manager.update(Configuration_1.Configuration, { id: self.current.id }, { inExecution: false, lastExecuteAt: new Date() })];
|                         case 7:
Error: Module parse failed: Unexpected token (115:58)
You may need an appropriate loader to handle this file type.
|                             return [3 /*break*/, 6];
|                         case 6:
>                             if (!(self.content.length <=  > controller)) return [3 /*break*/, 8];
|                             return [4 /*yield*/, db.manager.update(Configuration_1.Configuration, { id: self.current.id }, { inExecution: false, lastExecuteAt: new Date() })];
|                         case 7:
    at eval (webpack-internal:///./services/factory/configuration.ts:1:7)
    at Object../services/factory/configuration.ts (c:\git\central-base-mssql\dist\index.js:228:1)
    at __webpack_require__ (c:\git\central-base-mssql\dist\index.js:20:30)
    at Object.eval (webpack-internal:///./app.ts:64:23)
    at eval (webpack-internal:///./app.ts:212:30)
    at Object../app.ts (c:\git\central-base-mssql\dist\index.js:97:1)
    at __webpack_require__ (c:\git\central-base-mssql\dist\index.js:20:30)
    at eval (webpack-internal:///./server.ts:7:13)
    at Object../server.ts (c:\git\central-base-mssql\dist\index.js:205:1)
    at __webpack_require__ (c:\git\central-base-mssql\dist\index.js:20:30) {"error":{},"stack":"Error: Module parse failed: Unexpected token (115:58)\nYou may need an appropriate loader to handle this file type.\n|                             return [3 /*break*/, 6];\r\n|                         case 6:\r\n>                             if (!(self.content.length <=  > controller)) return [3 /*break*/, 8];\r\n|                             return [4 /*yield*/, db.manager.update(Configuration_1.Configuration, { id: self.current.id }, { inExecution: false, lastExecuteAt: new Date() })];\r\n|                         case 7:\r\n    at eval (webpack-internal:///./services/factory/configuration.ts:1:7)\n    at Object../services/factory/configuration.ts (c:\\git\\central-base-mssql\\dist\\index.js:228:1)\n    at __webpack_require__ (c:\\git\\central-base-mssql\\dist\\index.js:20:30)\n    at Object.eval (webpack-internal:///./app.ts:64:23)\n    at eval (webpack-internal:///./app.ts:212:30)\n    at Object../app.ts (c:\\git\\central-base-mssql\\dist\\index.js:97:1)\n    at __webpack_require__ (c:\\git\\central-base-mssql\\dist\\index.js:20:30)\n    at eval (webpack-internal:///./server.ts:7:13)\n    at Object../server.ts (c:\\git\\central-base-mssql\\dist\\index.js:205:1)\n    at __webpack_require__ (c:\\git\\central-base-mssql\\dist\\index.js:20:30)","exception":true,"date":"Sun Mar 10 2019 10:27:22 GMT-0300 (Hora oficial do Brasil)","process":{"pid":10236,"uid":null,"gid":null,"cwd":"c:\\git\\central-base-mssql","execPath":"C:\\dev\\nodejs\\node.exe","version":"v8.11.3","argv":["C:\\dev\\nodejs\\node.exe","c:\\git\\central-base-mssql\\dist\\index.js"],"memoryUsage":{"rss":66174976,"heapTotal":61173760,"heapUsed":37000488,"external":936189}},"os":{"loadavg":[0,0,0],"uptime":350952.6709139},"trace":[{"column":7,"file":"webpack-internal:///./services/factory/configuration.ts","function":"eval","line":1,"method":null,"native":false},{"column":1,"file":"c:\\git\\central-base-mssql\\dist\\index.js","function":"Object../services/factory/configuration.ts","line":228,"method":"ts","native":false},{"column":30,"file":"c:\\git\\central-base-mssql\\dist\\index.js","function":"__webpack_require__","line":20,"method":null,"native":false},{"column":23,"file":"webpack-internal:///./app.ts","function":"Object.eval","line":64,"method":"eval","native":false},{"column":30,"file":"webpack-internal:///./app.ts","function":"eval","line":212,"method":null,"native":false},{"column":1,"file":"c:\\git\\central-base-mssql\\dist\\index.js","function":"Object../app.ts","line":97,"method":"ts","native":false},{"column":30,"file":"c:\\git\\central-base-mssql\\dist\\index.js","function":"__webpack_require__","line":20,"method":null,"native":false},{"column":13,"file":"webpack-internal:///./server.ts","function":"eval","line":7,"method":null,"native":false},{"column":1,"file":"c:\\git\\central-base-mssql\\dist\\index.js","function":"Object../server.ts","line":205,"method":"ts","native":false},{"column":30,"file":"c:\\git\\central-base-mssql\\dist\\index.js","function":"__webpack_require__","line":20,"method":null,"native":false}]}
